
> docs_portal@0.0.0 build
> vite build

file:///home/runner/work/AUM/AUM/docs_portal/node_modules/rolldown/dist/shared/binding-TuFFIE_J.mjs:509
			const error = /* @__PURE__ */ new Error("Cannot find native binding. npm has a bug related to optional dependencies (https://github.com/npm/cli/issues/4828). Please try `npm i` again after removing both package-lock.json and node_modules directory.");
			                              ^

Error: Cannot find native binding. npm has a bug related to optional dependencies (https://github.com/npm/cli/issues/4828). Please try `npm i` again after removing both package-lock.json and node_modules directory.
    at file:///home/runner/work/AUM/AUM/docs_portal/node_modules/rolldown/dist/shared/binding-TuFFIE_J.mjs:509:34
    at file:///home/runner/work/AUM/AUM/docs_portal/node_modules/rolldown/dist/shared/binding-TuFFIE_J.mjs:9:49
    at file:///home/runner/work/AUM/AUM/docs_portal/node_modules/rolldown/dist/shared/parse-D4dtlfWy.mjs:3:46
    at ModuleJob.run (node:internal/modules/esm/module_job:343:25)
    at async onImport.tracePromise.__proto__ (node:internal/modules/esm/loader:681:26) {
  cause: Error: Cannot find module '@rolldown/binding-linux-x64-gnu'
  Require stack:
  - /home/runner/work/AUM/AUM/docs_portal/node_modules/rolldown/dist/shared/binding-TuFFIE_J.mjs
      at Function._resolveFilename (node:internal/modules/cjs/loader:1430:15)
      ... 5 lines matching cause stack trace ...
      at require (node:internal/modules/helpers:147:16)
      at requireNative (file:///home/runner/work/AUM/AUM/docs_portal/node_modules/rolldown/dist/shared/binding-TuFFIE_J.mjs:277:21)
      at file:///home/runner/work/AUM/AUM/docs_portal/node_modules/rolldown/dist/shared/binding-TuFFIE_J.mjs:475:18
      at file:///home/runner/work/AUM/AUM/docs_portal/node_modules/rolldown/dist/shared/binding-TuFFIE_J.mjs:9:49 {
    code: 'MODULE_NOT_FOUND',
    requireStack: [
      '/home/runner/work/AUM/AUM/docs_portal/node_modules/rolldown/dist/shared/binding-TuFFIE_J.mjs'
    ],
    cause: Error: Cannot find module '../rolldown-binding.linux-x64-gnu.node'
    Require stack:
    - /home/runner/work/AUM/AUM/docs_portal/node_modules/rolldown/dist/shared/binding-TuFFIE_J.mjs
        at Function._resolveFilename (node:internal/modules/cjs/loader:1430:15)
        at defaultResolveImpl (node:internal/modules/cjs/loader:1040:19)
        at resolveForCJSWithHooks (node:internal/modules/cjs/loader:1045:22)
        at Function._load (node:internal/modules/cjs/loader:1216:25)
        at wrapModuleLoad (node:internal/modules/cjs/loader:254:19)
        at Module.require (node:internal/modules/cjs/loader:1527:12)
        at require (node:internal/modules/helpers:147:16)
        at requireNative (file:///home/runner/work/AUM/AUM/docs_portal/node_modules/rolldown/dist/shared/binding-TuFFIE_J.mjs:272:12)
        at file:///home/runner/work/AUM/AUM/docs_portal/node_modules/rolldown/dist/shared/binding-TuFFIE_J.mjs:475:18
        at file:///home/runner/work/AUM/AUM/docs_portal/node_modules/rolldown/dist/shared/binding-TuFFIE_J.mjs:9:49 {
      code: 'MODULE_NOT_FOUND',
      requireStack: [
        '/home/runner/work/AUM/AUM/docs_portal/node_modules/rolldown/dist/shared/binding-TuFFIE_J.mjs'
      ]
    }
  }
}

Node.js v22.23.1
